<?xml version="1.0" encoding="UTF-8"?>
<!-- Generated by org.testng.reporters.JUnitReportReporter -->
<testsuite hostname="USE2DEVP0672" failures="0" tests="2" name="pkg_OWM.Workflow_Browser.Dynamic_Serial_Workflow.NewTest" time="16.531" errors="0" timestamp="2020-11-17T20:08:17 IST" skipped="0">
  <testcase classname="pkg_OWM.Workflow_Browser.Dynamic_Serial_Workflow.NewTest" name="LoginPageNavigation" time="10.449"/>
  <system-out/>
  <testcase classname="pkg_OWM.Workflow_Browser.Dynamic_Serial_Workflow.NewTest" name="IntiliaseDriver" time="6.082"/>
  <system-out/>
</testsuite> <!-- pkg_OWM.Workflow_Browser.Dynamic_Serial_Workflow.NewTest -->
