<?xml version="1.0" encoding="UTF-8"?>
<!-- Generated by org.testng.reporters.JUnitReportReporter -->
<testsuite hostname="USE2DEVP0672" failures="0" tests="1" name="pkg_OWM.Workflow_Browser.Serial_Workflow.Serial_EventTest" time="0.001" errors="0" timestamp="2020-11-23T17:03:37 IST" skipped="0">
  <testcase classname="pkg_OWM.Workflow_Browser.Serial_Workflow.Serial_EventTest" name="EventActions" time="0.001"/>
  <system-out/>
</testsuite> <!-- pkg_OWM.Workflow_Browser.Serial_Workflow.Serial_EventTest -->
