<?xml version="1.0" encoding="UTF-8"?>
<!-- Generated by org.testng.reporters.JUnitReportReporter -->
<testsuite hostname="USE2DEVP0672" failures="0" tests="8" name="pkg_OWM.Workflow_Browser.Dynamic_Serial_Workflow.New2Test" time="107.498" errors="0" timestamp="2020-11-19T17:01:52 IST" skipped="0">
  <testcase classname="pkg_OWM.Workflow_Browser.Dynamic_Serial_Workflow.New2Test" name="LoginPageNavigation" time="11.192"/>
  <system-out/>
  <testcase classname="pkg_OWM.Workflow_Browser.Dynamic_Serial_Workflow.New2Test" name="WebTable" time="12.905"/>
  <system-out/>
  <testcase classname="pkg_OWM.Workflow_Browser.Dynamic_Serial_Workflow.New2Test" name="ClickApplications" time="3.785"/>
  <system-out/>
  <testcase classname="pkg_OWM.Workflow_Browser.Dynamic_Serial_Workflow.New2Test" name="NewFolderCreation" time="32.618"/>
  <system-out/>
  <testcase classname="pkg_OWM.Workflow_Browser.Dynamic_Serial_Workflow.New2Test" name="IntiliaseDriver" time="5.512"/>
  <system-out/>
  <testcase classname="pkg_OWM.Workflow_Browser.Dynamic_Serial_Workflow.New2Test" name="searchWorkflow" time="16.571"/>
  <system-out/>
  <testcase classname="pkg_OWM.Workflow_Browser.Dynamic_Serial_Workflow.New2Test" name="NavigatetoTabs" time="8.474"/>
  <system-out/>
  <testcase classname="pkg_OWM.Workflow_Browser.Dynamic_Serial_Workflow.New2Test" name="DeleteWorkFlow" time="16.441"/>
  <system-out/>
</testsuite> <!-- pkg_OWM.Workflow_Browser.Dynamic_Serial_Workflow.New2Test -->
